In file included from /node-v9.11.2/out/Release/obj/gen/src/inspector/protocol/Runtime.h:10:0,
                 from /node-v9.11.2/out/Release/obj/gen/src/inspector/protocol/Runtime.cpp:7:
/node-v9.11.2/out/Release/obj/gen/src/inspector/protocol/Protocol.h: In member function 'v8_inspector::protocol::DispatchResponse::Status v8_inspector::protocol::Runtime::DispatcherImpl::globalLexicalScopeNames(int, std::unique_ptr<v8_inspector::protocol::DictionaryValue>, v8_inspector::protocol::ErrorSupport*)':
/node-v9.11.2/out/Release/obj/gen/src/inspector/protocol/Protocol.h:558:94: warning: 'in_executionContextId.v8_inspector::protocol::MaybeBase<int>::m_value' may be used uninitialized in this function [-Wmaybe-uninitialized]
     MaybeBase(MaybeBase&& other) : m_isJust(other.m_isJust), m_value(std::move(other.m_value)) { }
                                                                                              ^
/node-v9.11.2/out/Release/obj/gen/src/inspector/protocol/Runtime.cpp:1819:16: note: 'in_executionContextId.v8_inspector::protocol::MaybeBase<int>::m_value' was declared here
     Maybe<int> in_executionContextId;
                ^~~~~~~~~~~~~~~~~~~~~
In file included from /node-v9.11.2/out/Release/obj/gen/src/inspector/protocol/Runtime.h:10:0,
                 from /node-v9.11.2/out/Release/obj/gen/src/inspector/protocol/Runtime.cpp:7:
/node-v9.11.2/out/Release/obj/gen/src/inspector/protocol/Protocol.h: In member function 'v8_inspector::protocol::DispatchResponse::Status v8_inspector::protocol::Runtime::DispatcherImpl::awaitPromise(int, std::unique_ptr<v8_inspector::protocol::DictionaryValue>, v8_inspector::protocol::ErrorSupport*)':
/node-v9.11.2/out/Release/obj/gen/src/inspector/protocol/Protocol.h:558:94: warning: '*((void*)& in_generatePreview +1)' may be used uninitialized in this function [-Wmaybe-uninitialized]
     MaybeBase(MaybeBase&& other) : m_isJust(other.m_isJust), m_value(std::move(other.m_value)) { }
                                                                                              ^
/node-v9.11.2/out/Release/obj/gen/src/inspector/protocol/Runtime.cpp:1393:17: note: '*((void*)& in_generatePreview +1)' was declared here
     Maybe<bool> in_generatePreview;
                 ^~~~~~~~~~~~~~~~~~
In file included from /node-v9.11.2/out/Release/obj/gen/src/inspector/protocol/Runtime.h:10:0,
                 from /node-v9.11.2/out/Release/obj/gen/src/inspector/protocol/Runtime.cpp:7:
/node-v9.11.2/out/Release/obj/gen/src/inspector/protocol/Protocol.h:558:94: warning: '*((void*)& in_returnByValue +1)' may be used uninitialized in this function [-Wmaybe-uninitialized]
     MaybeBase(MaybeBase&& other) : m_isJust(other.m_isJust), m_value(std::move(other.m_value)) { }
                                                                                              ^
/node-v9.11.2/out/Release/obj/gen/src/inspector/protocol/Runtime.cpp:1387:17: note: '*((void*)& in_returnByValue +1)' was declared here
     Maybe<bool> in_returnByValue;
                 ^~~~~~~~~~~~~~~~
In file included from /node-v9.11.2/out/Release/obj/gen/src/inspector/protocol/Runtime.h:10:0,
                 from /node-v9.11.2/out/Release/obj/gen/src/inspector/protocol/Runtime.cpp:7:
/node-v9.11.2/out/Release/obj/gen/src/inspector/protocol/Protocol.h: In member function 'v8_inspector::protocol::DispatchResponse::Status v8_inspector::protocol::Runtime::DispatcherImpl::evaluate(int, std::unique_ptr<v8_inspector::protocol::DictionaryValue>, v8_inspector::protocol::ErrorSupport*)':
/node-v9.11.2/out/Release/obj/gen/src/inspector/protocol/Protocol.h:558:94: warning: '*((void*)& in_includeCommandLineAPI +1)' may be used uninitialized in this function [-Wmaybe-uninitialized]
     MaybeBase(MaybeBase&& other) : m_isJust(other.m_isJust), m_value(std::move(other.m_value)) { }
                                                                                              ^
/node-v9.11.2/out/Release/obj/gen/src/inspector/protocol/Runtime.cpp:1299:17: note: '*((void*)& in_includeCommandLineAPI +1)' was declared here
     Maybe<bool> in_includeCommandLineAPI;
                 ^~~~~~~~~~~~~~~~~~~~~~~~
In file included from /node-v9.11.2/out/Release/obj/gen/src/inspector/protocol/Runtime.h:10:0,
                 from /node-v9.11.2/out/Release/obj/gen/src/inspector/protocol/Runtime.cpp:7:
/node-v9.11.2/out/Release/obj/gen/src/inspector/protocol/Protocol.h:558:94: warning: '*((void*)& in_awaitPromise +1)' may be used uninitialized in this function [-Wmaybe-uninitialized]
     MaybeBase(MaybeBase&& other) : m_isJust(other.m_isJust), m_value(std::move(other.m_value)) { }
                                                                                              ^
/node-v9.11.2/out/Release/obj/gen/src/inspector/protocol/Runtime.cpp:1335:17: note: '*((void*)& in_awaitPromise +1)' was declared here
     Maybe<bool> in_awaitPromise;
                 ^~~~~~~~~~~~~~~
In file included from /node-v9.11.2/out/Release/obj/gen/src/inspector/protocol/Runtime.h:10:0,
                 from /node-v9.11.2/out/Release/obj/gen/src/inspector/protocol/Runtime.cpp:7:
/node-v9.11.2/out/Release/obj/gen/src/inspector/protocol/Protocol.h:558:94: warning: '*((void*)& in_userGesture +1)' may be used uninitialized in this function [-Wmaybe-uninitialized]
     MaybeBase(MaybeBase&& other) : m_isJust(other.m_isJust), m_value(std::move(other.m_value)) { }
                                                                                              ^
/node-v9.11.2/out/Release/obj/gen/src/inspector/protocol/Runtime.cpp:1329:17: note: '*((void*)& in_userGesture +1)' was declared here
     Maybe<bool> in_userGesture;
                 ^~~~~~~~~~~~~~
In file included from /node-v9.11.2/out/Release/obj/gen/src/inspector/protocol/Runtime.h:10:0,
                 from /node-v9.11.2/out/Release/obj/gen/src/inspector/protocol/Runtime.cpp:7:
/node-v9.11.2/out/Release/obj/gen/src/inspector/protocol/Protocol.h:558:94: warning: '*((void*)& in_generatePreview +1)' may be used uninitialized in this function [-Wmaybe-uninitialized]
     MaybeBase(MaybeBase&& other) : m_isJust(other.m_isJust), m_value(std::move(other.m_value)) { }
                                                                                              ^
/node-v9.11.2/out/Release/obj/gen/src/inspector/protocol/Runtime.cpp:1323:17: note: '*((void*)& in_generatePreview +1)' was declared here
     Maybe<bool> in_generatePreview;
                 ^~~~~~~~~~~~~~~~~~
In file included from /node-v9.11.2/out/Release/obj/gen/src/inspector/protocol/Runtime.h:10:0,
                 from /node-v9.11.2/out/Release/obj/gen/src/inspector/protocol/Runtime.cpp:7:
/node-v9.11.2/out/Release/obj/gen/src/inspector/protocol/Protocol.h:558:94: warning: '*((void*)& in_returnByValue +1)' may be used uninitialized in this function [-Wmaybe-uninitialized]
     MaybeBase(MaybeBase&& other) : m_isJust(other.m_isJust), m_value(std::move(other.m_value)) { }
                                                                                              ^
/node-v9.11.2/out/Release/obj/gen/src/inspector/protocol/Runtime.cpp:1317:17: note: '*((void*)& in_returnByValue +1)' was declared here
     Maybe<bool> in_returnByValue;
                 ^~~~~~~~~~~~~~~~
In file included from /node-v9.11.2/out/Release/obj/gen/src/inspector/protocol/Runtime.h:10:0,
                 from /node-v9.11.2/out/Release/obj/gen/src/inspector/protocol/Runtime.cpp:7:
/node-v9.11.2/out/Release/obj/gen/src/inspector/protocol/Protocol.h:558:94: warning: 'in_contextId.v8_inspector::protocol::MaybeBase<int>::m_value' may be used uninitialized in this function [-Wmaybe-uninitialized]
     MaybeBase(MaybeBase&& other) : m_isJust(other.m_isJust), m_value(std::move(other.m_value)) { }
                                                                                              ^
/node-v9.11.2/out/Release/obj/gen/src/inspector/protocol/Runtime.cpp:1311:16: note: 'in_contextId.v8_inspector::protocol::MaybeBase<int>::m_value' was declared here
     Maybe<int> in_contextId;
                ^~~~~~~~~~~~
In file included from /node-v9.11.2/out/Release/obj/gen/src/inspector/protocol/Runtime.h:10:0,
                 from /node-v9.11.2/out/Release/obj/gen/src/inspector/protocol/Runtime.cpp:7:
/node-v9.11.2/out/Release/obj/gen/src/inspector/protocol/Protocol.h:558:94: warning: '*((void*)& in_silent +1)' may be used uninitialized in this function [-Wmaybe-uninitialized]
     MaybeBase(MaybeBase&& other) : m_isJust(other.m_isJust), m_value(std::move(other.m_value)) { }
                                                                                              ^
/node-v9.11.2/out/Release/obj/gen/src/inspector/protocol/Runtime.cpp:1305:17: note: '*((void*)& in_silent +1)' was declared here
     Maybe<bool> in_silent;
                 ^~~~~~~~~
In file included from /node-v9.11.2/out/Release/obj/gen/src/inspector/protocol/Runtime.h:10:0,
                 from /node-v9.11.2/out/Release/obj/gen/src/inspector/protocol/Runtime.cpp:7:
/node-v9.11.2/out/Release/obj/gen/src/inspector/protocol/Protocol.h: In member function 'v8_inspector::protocol::DispatchResponse::Status v8_inspector::protocol::Runtime::DispatcherImpl::runScript(int, std::unique_ptr<v8_inspector::protocol::DictionaryValue>, v8_inspector::protocol::ErrorSupport*)':
/node-v9.11.2/out/Release/obj/gen/src/inspector/protocol/Protocol.h:558:94: warning: '*((void*)& in_silent +1)' may be used uninitialized in this function [-Wmaybe-uninitialized]
     MaybeBase(MaybeBase&& other) : m_isJust(other.m_isJust), m_value(std::move(other.m_value)) { }
                                                                                              ^
/node-v9.11.2/out/Release/obj/gen/src/inspector/protocol/Runtime.cpp:1743:17: note: '*((void*)& in_silent +1)' was declared here
     Maybe<bool> in_silent;
                 ^~~~~~~~~
In file included from /node-v9.11.2/out/Release/obj/gen/src/inspector/protocol/Runtime.h:10:0,
                 from /node-v9.11.2/out/Release/obj/gen/src/inspector/protocol/Runtime.cpp:7:
/node-v9.11.2/out/Release/obj/gen/src/inspector/protocol/Protocol.h:558:94: warning: 'in_executionContextId.v8_inspector::protocol::MaybeBase<int>::m_value' may be used uninitialized in this function [-Wmaybe-uninitialized]
     MaybeBase(MaybeBase&& other) : m_isJust(other.m_isJust), m_value(std::move(other.m_value)) { }
                                                                                              ^
/node-v9.11.2/out/Release/obj/gen/src/inspector/protocol/Runtime.cpp:1731:16: note: 'in_executionContextId.v8_inspector::protocol::MaybeBase<int>::m_value' was declared here
     Maybe<int> in_executionContextId;
                ^~~~~~~~~~~~~~~~~~~~~
In file included from /node-v9.11.2/out/Release/obj/gen/src/inspector/protocol/Runtime.h:10:0,
                 from /node-v9.11.2/out/Release/obj/gen/src/inspector/protocol/Runtime.cpp:7:
/node-v9.11.2/out/Release/obj/gen/src/inspector/protocol/Protocol.h:558:94: warning: '*((void*)& in_awaitPromise +1)' may be used uninitialized in this function [-Wmaybe-uninitialized]
     MaybeBase(MaybeBase&& other) : m_isJust(other.m_isJust), m_value(std::move(other.m_value)) { }
                                                                                              ^
/node-v9.11.2/out/Release/obj/gen/src/inspector/protocol/Runtime.cpp:1767:17: note: '*((void*)& in_awaitPromise +1)' was declared here
     Maybe<bool> in_awaitPromise;
                 ^~~~~~~~~~~~~~~
In file included from /node-v9.11.2/out/Release/obj/gen/src/inspector/protocol/Runtime.h:10:0,
                 from /node-v9.11.2/out/Release/obj/gen/src/inspector/protocol/Runtime.cpp:7:
/node-v9.11.2/out/Release/obj/gen/src/inspector/protocol/Protocol.h:558:94: warning: '*((void*)& in_generatePreview +1)' may be used uninitialized in this function [-Wmaybe-uninitialized]
     MaybeBase(MaybeBase&& other) : m_isJust(other.m_isJust), m_value(std::move(other.m_value)) { }
                                                                                              ^
/node-v9.11.2/out/Release/obj/gen/src/inspector/protocol/Runtime.cpp:1761:17: note: '*((void*)& in_generatePreview +1)' was declared here
     Maybe<bool> in_generatePreview;
                 ^~~~~~~~~~~~~~~~~~
In file included from /node-v9.11.2/out/Release/obj/gen/src/inspector/protocol/Runtime.h:10:0,
                 from /node-v9.11.2/out/Release/obj/gen/src/inspector/protocol/Runtime.cpp:7:
/node-v9.11.2/out/Release/obj/gen/src/inspector/protocol/Protocol.h:558:94: warning: '*((void*)& in_returnByValue +1)' may be used uninitialized in this function [-Wmaybe-uninitialized]
     MaybeBase(MaybeBase&& other) : m_isJust(other.m_isJust), m_value(std::move(other.m_value)) { }
                                                                                              ^
/node-v9.11.2/out/Release/obj/gen/src/inspector/protocol/Runtime.cpp:1755:17: note: '*((void*)& in_returnByValue +1)' was declared here
     Maybe<bool> in_returnByValue;
                 ^~~~~~~~~~~~~~~~
In file included from /node-v9.11.2/out/Release/obj/gen/src/inspector/protocol/Runtime.h:10:0,
                 from /node-v9.11.2/out/Release/obj/gen/src/inspector/protocol/Runtime.cpp:7:
/node-v9.11.2/out/Release/obj/gen/src/inspector/protocol/Protocol.h:558:94: warning: '*((void*)& in_includeCommandLineAPI +1)' may be used uninitialized in this function [-Wmaybe-uninitialized]
     MaybeBase(MaybeBase&& other) : m_isJust(other.m_isJust), m_value(std::move(other.m_value)) { }
                                                                                              ^
/node-v9.11.2/out/Release/obj/gen/src/inspector/protocol/Runtime.cpp:1749:17: note: '*((void*)& in_includeCommandLineAPI +1)' was declared here
     Maybe<bool> in_includeCommandLineAPI;
                 ^~~~~~~~~~~~~~~~~~~~~~~~
In file included from /node-v9.11.2/out/Release/obj/gen/src/inspector/protocol/Runtime.h:10:0,
                 from /node-v9.11.2/out/Release/obj/gen/src/inspector/protocol/Runtime.cpp:7:
/node-v9.11.2/out/Release/obj/gen/src/inspector/protocol/Protocol.h: In member function 'v8_inspector::protocol::DispatchResponse::Status v8_inspector::protocol::Runtime::DispatcherImpl::compileScript(int, std::unique_ptr<v8_inspector::protocol::DictionaryValue>, v8_inspector::protocol::ErrorSupport*)':
/node-v9.11.2/out/Release/obj/gen/src/inspector/protocol/Protocol.h:558:94: warning: 'in_executionContextId.v8_inspector::protocol::MaybeBase<int>::m_value' may be used uninitialized in this function [-Wmaybe-uninitialized]
     MaybeBase(MaybeBase&& other) : m_isJust(other.m_isJust), m_value(std::move(other.m_value)) { }
                                                                                              ^
/node-v9.11.2/out/Release/obj/gen/src/inspector/protocol/Runtime.cpp:1666:16: note: 'in_executionContextId.v8_inspector::protocol::MaybeBase<int>::m_value' was declared here
     Maybe<int> in_executionContextId;
                ^~~~~~~~~~~~~~~~~~~~~
In file included from /node-v9.11.2/out/Release/obj/gen/src/inspector/protocol/Runtime.h:10:0,
                 from /node-v9.11.2/out/Release/obj/gen/src/inspector/protocol/Runtime.cpp:7:
/node-v9.11.2/out/Release/obj/gen/src/inspector/protocol/Protocol.h: In member function 'v8_inspector::protocol::DispatchResponse::Status v8_inspector::protocol::Runtime::DispatcherImpl::getProperties(int, std::unique_ptr<v8_inspector::protocol::DictionaryValue>, v8_inspector::protocol::ErrorSupport*)':
/node-v9.11.2/out/Release/obj/gen/src/inspector/protocol/Protocol.h:558:94: warning: '*((void*)& in_generatePreview +1)' may be used uninitialized in this function [-Wmaybe-uninitialized]
     MaybeBase(MaybeBase&& other) : m_isJust(other.m_isJust), m_value(std::move(other.m_value)) { }
                                                                                              ^
/node-v9.11.2/out/Release/obj/gen/src/inspector/protocol/Runtime.cpp:1516:17: note: '*((void*)& in_generatePreview +1)' was declared here
     Maybe<bool> in_generatePreview;
                 ^~~~~~~~~~~~~~~~~~
In file included from /node-v9.11.2/out/Release/obj/gen/src/inspector/protocol/Runtime.h:10:0,
                 from /node-v9.11.2/out/Release/obj/gen/src/inspector/protocol/Runtime.cpp:7:
/node-v9.11.2/out/Release/obj/gen/src/inspector/protocol/Protocol.h:558:94: warning: '*((void*)& in_accessorPropertiesOnly +1)' may be used uninitialized in this function [-Wmaybe-uninitialized]
     MaybeBase(MaybeBase&& other) : m_isJust(other.m_isJust), m_value(std::move(other.m_value)) { }
                                                                                              ^
/node-v9.11.2/out/Release/obj/gen/src/inspector/protocol/Runtime.cpp:1510:17: note: '*((void*)& in_accessorPropertiesOnly +1)' was declared here
     Maybe<bool> in_accessorPropertiesOnly;
                 ^~~~~~~~~~~~~~~~~~~~~~~~~
In file included from /node-v9.11.2/out/Release/obj/gen/src/inspector/protocol/Runtime.h:10:0,
                 from /node-v9.11.2/out/Release/obj/gen/src/inspector/protocol/Runtime.cpp:7:
/node-v9.11.2/out/Release/obj/gen/src/inspector/protocol/Protocol.h:558:94: warning: '*((void*)& in_ownProperties +1)' may be used uninitialized in this function [-Wmaybe-uninitialized]
     MaybeBase(MaybeBase&& other) : m_isJust(other.m_isJust), m_value(std::move(other.m_value)) { }
                                                                                              ^
/node-v9.11.2/out/Release/obj/gen/src/inspector/protocol/Runtime.cpp:1504:17: note: '*((void*)& in_ownProperties +1)' was declared here
     Maybe<bool> in_ownProperties;
                 ^~~~~~~~~~~~~~~~
In file included from /node-v9.11.2/out/Release/obj/gen/src/inspector/protocol/Runtime.h:10:0,
                 from /node-v9.11.2/out/Release/obj/gen/src/inspector/protocol/Runtime.cpp:7:
/node-v9.11.2/out/Release/obj/gen/src/inspector/protocol/Protocol.h: In member function 'v8_inspector::protocol::DispatchResponse::Status v8_inspector::protocol::Runtime::DispatcherImpl::callFunctionOn(int, std::unique_ptr<v8_inspector::protocol::DictionaryValue>, v8_inspector::protocol::ErrorSupport*)':
/node-v9.11.2/out/Release/obj/gen/src/inspector/protocol/Protocol.h:558:94: warning: '*((void*)& in_awaitPromise +1)' may be used uninitialized in this function [-Wmaybe-uninitialized]
     MaybeBase(MaybeBase&& other) : m_isJust(other.m_isJust), m_value(std::move(other.m_value)) { }
                                                                                              ^
/node-v9.11.2/out/Release/obj/gen/src/inspector/protocol/Runtime.cpp:1478:17: note: '*((void*)& in_awaitPromise +1)' was declared here
     Maybe<bool> in_awaitPromise;
                 ^~~~~~~~~~~~~~~
In file included from /node-v9.11.2/out/Release/obj/gen/src/inspector/protocol/Runtime.h:10:0,
                 from /node-v9.11.2/out/Release/obj/gen/src/inspector/protocol/Runtime.cpp:7:
/node-v9.11.2/out/Release/obj/gen/src/inspector/protocol/Protocol.h:558:94: warning: '*((void*)& in_userGesture +1)' may be used uninitialized in this function [-Wmaybe-uninitialized]
     MaybeBase(MaybeBase&& other) : m_isJust(other.m_isJust), m_value(std::move(other.m_value)) { }
                                                                                              ^
/node-v9.11.2/out/Release/obj/gen/src/inspector/protocol/Runtime.cpp:1472:17: note: '*((void*)& in_userGesture +1)' was declared here
     Maybe<bool> in_userGesture;
                 ^~~~~~~~~~~~~~
In file included from /node-v9.11.2/out/Release/obj/gen/src/inspector/protocol/Runtime.h:10:0,
                 from /node-v9.11.2/out/Release/obj/gen/src/inspector/protocol/Runtime.cpp:7:
/node-v9.11.2/out/Release/obj/gen/src/inspector/protocol/Protocol.h:558:94: warning: '*((void*)& in_generatePreview +1)' may be used uninitialized in this function [-Wmaybe-uninitialized]
     MaybeBase(MaybeBase&& other) : m_isJust(other.m_isJust), m_value(std::move(other.m_value)) { }
                                                                                              ^
/node-v9.11.2/out/Release/obj/gen/src/inspector/protocol/Runtime.cpp:1466:17: note: '*((void*)& in_generatePreview +1)' was declared here
     Maybe<bool> in_generatePreview;
                 ^~~~~~~~~~~~~~~~~~
In file included from /node-v9.11.2/out/Release/obj/gen/src/inspector/protocol/Runtime.h:10:0,
                 from /node-v9.11.2/out/Release/obj/gen/src/inspector/protocol/Runtime.cpp:7:
/node-v9.11.2/out/Release/obj/gen/src/inspector/protocol/Protocol.h:558:94: warning: '*((void*)& in_returnByValue +1)' may be used uninitialized in this function [-Wmaybe-uninitialized]
     MaybeBase(MaybeBase&& other) : m_isJust(other.m_isJust), m_value(std::move(other.m_value)) { }
                                                                                              ^
/node-v9.11.2/out/Release/obj/gen/src/inspector/protocol/Runtime.cpp:1460:17: note: '*((void*)& in_returnByValue +1)' was declared here
     Maybe<bool> in_returnByValue;
                 ^~~~~~~~~~~~~~~~
In file included from /node-v9.11.2/out/Release/obj/gen/src/inspector/protocol/Runtime.h:10:0,
                 from /node-v9.11.2/out/Release/obj/gen/src/inspector/protocol/Runtime.cpp:7:
/node-v9.11.2/out/Release/obj/gen/src/inspector/protocol/Protocol.h:558:94: warning: '*((void*)& in_silent +1)' may be used uninitialized in this function [-Wmaybe-uninitialized]
     MaybeBase(MaybeBase&& other) : m_isJust(other.m_isJust), m_value(std::move(other.m_value)) { }
                                                                                              ^
/node-v9.11.2/out/Release/obj/gen/src/inspector/protocol/Runtime.cpp:1454:17: note: '*((void*)& in_silent +1)' was declared here
     Maybe<bool> in_silent;
                 ^~~~~~~~~
