In file included from /node-v8.11.3/out/Release/obj/gen/src/inspector/protocol/Runtime.h:10:0,
                 from /node-v8.11.3/out/Release/obj/gen/src/inspector/protocol/Runtime.cpp:7:
/node-v8.11.3/out/Release/obj/gen/src/inspector/protocol/Protocol.h: In member function 'v8_inspector::protocol::DispatchResponse::Status v8_inspector::protocol::Runtime::DispatcherImpl::evaluate(int, std::unique_ptr<v8_inspector::protocol::DictionaryValue>, v8_inspector::protocol::ErrorSupport*)':
/node-v8.11.3/out/Release/obj/gen/src/inspector/protocol/Protocol.h:558:94: warning: '*((void*)& in_includeCommandLineAPI +1)' may be used uninitialized in this function [-Wmaybe-uninitialized]
     MaybeBase(MaybeBase&& other) : m_isJust(other.m_isJust), m_value(std::move(other.m_value)) { }
                                                                                              ^
/node-v8.11.3/out/Release/obj/gen/src/inspector/protocol/Runtime.cpp:1297:17: note: '*((void*)& in_includeCommandLineAPI +1)' was declared here
     Maybe<bool> in_includeCommandLineAPI;
                 ^~~~~~~~~~~~~~~~~~~~~~~~
In file included from /node-v8.11.3/out/Release/obj/gen/src/inspector/protocol/Runtime.h:10:0,
                 from /node-v8.11.3/out/Release/obj/gen/src/inspector/protocol/Runtime.cpp:7:
/node-v8.11.3/out/Release/obj/gen/src/inspector/protocol/Protocol.h:558:94: warning: '*((void*)& in_awaitPromise +1)' may be used uninitialized in this function [-Wmaybe-uninitialized]
     MaybeBase(MaybeBase&& other) : m_isJust(other.m_isJust), m_value(std::move(other.m_value)) { }
                                                                                              ^
/node-v8.11.3/out/Release/obj/gen/src/inspector/protocol/Runtime.cpp:1333:17: note: '*((void*)& in_awaitPromise +1)' was declared here
     Maybe<bool> in_awaitPromise;
                 ^~~~~~~~~~~~~~~
In file included from /node-v8.11.3/out/Release/obj/gen/src/inspector/protocol/Runtime.h:10:0,
                 from /node-v8.11.3/out/Release/obj/gen/src/inspector/protocol/Runtime.cpp:7:
/node-v8.11.3/out/Release/obj/gen/src/inspector/protocol/Protocol.h:558:94: warning: '*((void*)& in_userGesture +1)' may be used uninitialized in this function [-Wmaybe-uninitialized]
     MaybeBase(MaybeBase&& other) : m_isJust(other.m_isJust), m_value(std::move(other.m_value)) { }
                                                                                              ^
/node-v8.11.3/out/Release/obj/gen/src/inspector/protocol/Runtime.cpp:1327:17: note: '*((void*)& in_userGesture +1)' was declared here
     Maybe<bool> in_userGesture;
                 ^~~~~~~~~~~~~~
In file included from /node-v8.11.3/out/Release/obj/gen/src/inspector/protocol/Runtime.h:10:0,
                 from /node-v8.11.3/out/Release/obj/gen/src/inspector/protocol/Runtime.cpp:7:
/node-v8.11.3/out/Release/obj/gen/src/inspector/protocol/Protocol.h:558:94: warning: '*((void*)& in_generatePreview +1)' may be used uninitialized in this function [-Wmaybe-uninitialized]
     MaybeBase(MaybeBase&& other) : m_isJust(other.m_isJust), m_value(std::move(other.m_value)) { }
                                                                                              ^
/node-v8.11.3/out/Release/obj/gen/src/inspector/protocol/Runtime.cpp:1321:17: note: '*((void*)& in_generatePreview +1)' was declared here
     Maybe<bool> in_generatePreview;
                 ^~~~~~~~~~~~~~~~~~
In file included from /node-v8.11.3/out/Release/obj/gen/src/inspector/protocol/Runtime.h:10:0,
                 from /node-v8.11.3/out/Release/obj/gen/src/inspector/protocol/Runtime.cpp:7:
/node-v8.11.3/out/Release/obj/gen/src/inspector/protocol/Protocol.h:558:94: warning: '*((void*)& in_returnByValue +1)' may be used uninitialized in this function [-Wmaybe-uninitialized]
     MaybeBase(MaybeBase&& other) : m_isJust(other.m_isJust), m_value(std::move(other.m_value)) { }
                                                                                              ^
/node-v8.11.3/out/Release/obj/gen/src/inspector/protocol/Runtime.cpp:1315:17: note: '*((void*)& in_returnByValue +1)' was declared here
     Maybe<bool> in_returnByValue;
                 ^~~~~~~~~~~~~~~~
In file included from /node-v8.11.3/out/Release/obj/gen/src/inspector/protocol/Runtime.h:10:0,
                 from /node-v8.11.3/out/Release/obj/gen/src/inspector/protocol/Runtime.cpp:7:
/node-v8.11.3/out/Release/obj/gen/src/inspector/protocol/Protocol.h:558:94: warning: 'in_contextId.v8_inspector::protocol::MaybeBase<int>::m_value' may be used uninitialized in this function [-Wmaybe-uninitialized]
     MaybeBase(MaybeBase&& other) : m_isJust(other.m_isJust), m_value(std::move(other.m_value)) { }
                                                                                              ^
/node-v8.11.3/out/Release/obj/gen/src/inspector/protocol/Runtime.cpp:1309:16: note: 'in_contextId.v8_inspector::protocol::MaybeBase<int>::m_value' was declared here
     Maybe<int> in_contextId;
                ^~~~~~~~~~~~
In file included from /node-v8.11.3/out/Release/obj/gen/src/inspector/protocol/Runtime.h:10:0,
                 from /node-v8.11.3/out/Release/obj/gen/src/inspector/protocol/Runtime.cpp:7:
/node-v8.11.3/out/Release/obj/gen/src/inspector/protocol/Protocol.h:558:94: warning: '*((void*)& in_silent +1)' may be used uninitialized in this function [-Wmaybe-uninitialized]
     MaybeBase(MaybeBase&& other) : m_isJust(other.m_isJust), m_value(std::move(other.m_value)) { }
                                                                                              ^
/node-v8.11.3/out/Release/obj/gen/src/inspector/protocol/Runtime.cpp:1303:17: note: '*((void*)& in_silent +1)' was declared here
     Maybe<bool> in_silent;
                 ^~~~~~~~~
In file included from /node-v8.11.3/out/Release/obj/gen/src/inspector/protocol/Runtime.h:10:0,
                 from /node-v8.11.3/out/Release/obj/gen/src/inspector/protocol/Runtime.cpp:7:
/node-v8.11.3/out/Release/obj/gen/src/inspector/protocol/Protocol.h: In member function 'v8_inspector::protocol::DispatchResponse::Status v8_inspector::protocol::Runtime::DispatcherImpl::awaitPromise(int, std::unique_ptr<v8_inspector::protocol::DictionaryValue>, v8_inspector::protocol::ErrorSupport*)':
/node-v8.11.3/out/Release/obj/gen/src/inspector/protocol/Protocol.h:558:94: warning: '*((void*)& in_generatePreview +1)' may be used uninitialized in this function [-Wmaybe-uninitialized]
     MaybeBase(MaybeBase&& other) : m_isJust(other.m_isJust), m_value(std::move(other.m_value)) { }
                                                                                              ^
/node-v8.11.3/out/Release/obj/gen/src/inspector/protocol/Runtime.cpp:1391:17: note: '*((void*)& in_generatePreview +1)' was declared here
     Maybe<bool> in_generatePreview;
                 ^~~~~~~~~~~~~~~~~~
In file included from /node-v8.11.3/out/Release/obj/gen/src/inspector/protocol/Runtime.h:10:0,
                 from /node-v8.11.3/out/Release/obj/gen/src/inspector/protocol/Runtime.cpp:7:
/node-v8.11.3/out/Release/obj/gen/src/inspector/protocol/Protocol.h:558:94: warning: '*((void*)& in_returnByValue +1)' may be used uninitialized in this function [-Wmaybe-uninitialized]
     MaybeBase(MaybeBase&& other) : m_isJust(other.m_isJust), m_value(std::move(other.m_value)) { }
                                                                                              ^
/node-v8.11.3/out/Release/obj/gen/src/inspector/protocol/Runtime.cpp:1385:17: note: '*((void*)& in_returnByValue +1)' was declared here
     Maybe<bool> in_returnByValue;
                 ^~~~~~~~~~~~~~~~
In file included from /node-v8.11.3/out/Release/obj/gen/src/inspector/protocol/Runtime.h:10:0,
                 from /node-v8.11.3/out/Release/obj/gen/src/inspector/protocol/Runtime.cpp:7:
/node-v8.11.3/out/Release/obj/gen/src/inspector/protocol/Protocol.h: In member function 'v8_inspector::protocol::DispatchResponse::Status v8_inspector::protocol::Runtime::DispatcherImpl::runScript(int, std::unique_ptr<v8_inspector::protocol::DictionaryValue>, v8_inspector::protocol::ErrorSupport*)':
/node-v8.11.3/out/Release/obj/gen/src/inspector/protocol/Protocol.h:558:94: warning: '*((void*)& in_silent +1)' may be used uninitialized in this function [-Wmaybe-uninitialized]
     MaybeBase(MaybeBase&& other) : m_isJust(other.m_isJust), m_value(std::move(other.m_value)) { }
                                                                                              ^
/node-v8.11.3/out/Release/obj/gen/src/inspector/protocol/Runtime.cpp:1741:17: note: '*((void*)& in_silent +1)' was declared here
     Maybe<bool> in_silent;
                 ^~~~~~~~~
In file included from /node-v8.11.3/out/Release/obj/gen/src/inspector/protocol/Runtime.h:10:0,
                 from /node-v8.11.3/out/Release/obj/gen/src/inspector/protocol/Runtime.cpp:7:
/node-v8.11.3/out/Release/obj/gen/src/inspector/protocol/Protocol.h:558:94: warning: 'in_executionContextId.v8_inspector::protocol::MaybeBase<int>::m_value' may be used uninitialized in this function [-Wmaybe-uninitialized]
     MaybeBase(MaybeBase&& other) : m_isJust(other.m_isJust), m_value(std::move(other.m_value)) { }
                                                                                              ^
/node-v8.11.3/out/Release/obj/gen/src/inspector/protocol/Runtime.cpp:1729:16: note: 'in_executionContextId.v8_inspector::protocol::MaybeBase<int>::m_value' was declared here
     Maybe<int> in_executionContextId;
                ^~~~~~~~~~~~~~~~~~~~~
In file included from /node-v8.11.3/out/Release/obj/gen/src/inspector/protocol/Runtime.h:10:0,
                 from /node-v8.11.3/out/Release/obj/gen/src/inspector/protocol/Runtime.cpp:7:
/node-v8.11.3/out/Release/obj/gen/src/inspector/protocol/Protocol.h:558:94: warning: '*((void*)& in_awaitPromise +1)' may be used uninitialized in this function [-Wmaybe-uninitialized]
     MaybeBase(MaybeBase&& other) : m_isJust(other.m_isJust), m_value(std::move(other.m_value)) { }
                                                                                              ^
/node-v8.11.3/out/Release/obj/gen/src/inspector/protocol/Runtime.cpp:1765:17: note: '*((void*)& in_awaitPromise +1)' was declared here
     Maybe<bool> in_awaitPromise;
                 ^~~~~~~~~~~~~~~
In file included from /node-v8.11.3/out/Release/obj/gen/src/inspector/protocol/Runtime.h:10:0,
                 from /node-v8.11.3/out/Release/obj/gen/src/inspector/protocol/Runtime.cpp:7:
/node-v8.11.3/out/Release/obj/gen/src/inspector/protocol/Protocol.h:558:94: warning: '*((void*)& in_generatePreview +1)' may be used uninitialized in this function [-Wmaybe-uninitialized]
     MaybeBase(MaybeBase&& other) : m_isJust(other.m_isJust), m_value(std::move(other.m_value)) { }
                                                                                              ^
/node-v8.11.3/out/Release/obj/gen/src/inspector/protocol/Runtime.cpp:1759:17: note: '*((void*)& in_generatePreview +1)' was declared here
     Maybe<bool> in_generatePreview;
                 ^~~~~~~~~~~~~~~~~~
In file included from /node-v8.11.3/out/Release/obj/gen/src/inspector/protocol/Runtime.h:10:0,
                 from /node-v8.11.3/out/Release/obj/gen/src/inspector/protocol/Runtime.cpp:7:
/node-v8.11.3/out/Release/obj/gen/src/inspector/protocol/Protocol.h:558:94: warning: '*((void*)& in_returnByValue +1)' may be used uninitialized in this function [-Wmaybe-uninitialized]
     MaybeBase(MaybeBase&& other) : m_isJust(other.m_isJust), m_value(std::move(other.m_value)) { }
                                                                                              ^
/node-v8.11.3/out/Release/obj/gen/src/inspector/protocol/Runtime.cpp:1753:17: note: '*((void*)& in_returnByValue +1)' was declared here
     Maybe<bool> in_returnByValue;
                 ^~~~~~~~~~~~~~~~
In file included from /node-v8.11.3/out/Release/obj/gen/src/inspector/protocol/Runtime.h:10:0,
                 from /node-v8.11.3/out/Release/obj/gen/src/inspector/protocol/Runtime.cpp:7:
/node-v8.11.3/out/Release/obj/gen/src/inspector/protocol/Protocol.h:558:94: warning: '*((void*)& in_includeCommandLineAPI +1)' may be used uninitialized in this function [-Wmaybe-uninitialized]
     MaybeBase(MaybeBase&& other) : m_isJust(other.m_isJust), m_value(std::move(other.m_value)) { }
                                                                                              ^
/node-v8.11.3/out/Release/obj/gen/src/inspector/protocol/Runtime.cpp:1747:17: note: '*((void*)& in_includeCommandLineAPI +1)' was declared here
     Maybe<bool> in_includeCommandLineAPI;
                 ^~~~~~~~~~~~~~~~~~~~~~~~
In file included from /node-v8.11.3/out/Release/obj/gen/src/inspector/protocol/Runtime.h:10:0,
                 from /node-v8.11.3/out/Release/obj/gen/src/inspector/protocol/Runtime.cpp:7:
/node-v8.11.3/out/Release/obj/gen/src/inspector/protocol/Protocol.h: In member function 'v8_inspector::protocol::DispatchResponse::Status v8_inspector::protocol::Runtime::DispatcherImpl::compileScript(int, std::unique_ptr<v8_inspector::protocol::DictionaryValue>, v8_inspector::protocol::ErrorSupport*)':
/node-v8.11.3/out/Release/obj/gen/src/inspector/protocol/Protocol.h:558:94: warning: 'in_executionContextId.v8_inspector::protocol::MaybeBase<int>::m_value' may be used uninitialized in this function [-Wmaybe-uninitialized]
     MaybeBase(MaybeBase&& other) : m_isJust(other.m_isJust), m_value(std::move(other.m_value)) { }
                                                                                              ^
/node-v8.11.3/out/Release/obj/gen/src/inspector/protocol/Runtime.cpp:1664:16: note: 'in_executionContextId.v8_inspector::protocol::MaybeBase<int>::m_value' was declared here
     Maybe<int> in_executionContextId;
                ^~~~~~~~~~~~~~~~~~~~~
In file included from /node-v8.11.3/out/Release/obj/gen/src/inspector/protocol/Runtime.h:10:0,
                 from /node-v8.11.3/out/Release/obj/gen/src/inspector/protocol/Runtime.cpp:7:
/node-v8.11.3/out/Release/obj/gen/src/inspector/protocol/Protocol.h: In member function 'v8_inspector::protocol::DispatchResponse::Status v8_inspector::protocol::Runtime::DispatcherImpl::getProperties(int, std::unique_ptr<v8_inspector::protocol::DictionaryValue>, v8_inspector::protocol::ErrorSupport*)':
/node-v8.11.3/out/Release/obj/gen/src/inspector/protocol/Protocol.h:558:94: warning: '*((void*)& in_generatePreview +1)' may be used uninitialized in this function [-Wmaybe-uninitialized]
     MaybeBase(MaybeBase&& other) : m_isJust(other.m_isJust), m_value(std::move(other.m_value)) { }
                                                                                              ^
/node-v8.11.3/out/Release/obj/gen/src/inspector/protocol/Runtime.cpp:1514:17: note: '*((void*)& in_generatePreview +1)' was declared here
     Maybe<bool> in_generatePreview;
                 ^~~~~~~~~~~~~~~~~~
In file included from /node-v8.11.3/out/Release/obj/gen/src/inspector/protocol/Runtime.h:10:0,
                 from /node-v8.11.3/out/Release/obj/gen/src/inspector/protocol/Runtime.cpp:7:
/node-v8.11.3/out/Release/obj/gen/src/inspector/protocol/Protocol.h:558:94: warning: '*((void*)& in_accessorPropertiesOnly +1)' may be used uninitialized in this function [-Wmaybe-uninitialized]
     MaybeBase(MaybeBase&& other) : m_isJust(other.m_isJust), m_value(std::move(other.m_value)) { }
                                                                                              ^
/node-v8.11.3/out/Release/obj/gen/src/inspector/protocol/Runtime.cpp:1508:17: note: '*((void*)& in_accessorPropertiesOnly +1)' was declared here
     Maybe<bool> in_accessorPropertiesOnly;
                 ^~~~~~~~~~~~~~~~~~~~~~~~~
In file included from /node-v8.11.3/out/Release/obj/gen/src/inspector/protocol/Runtime.h:10:0,
                 from /node-v8.11.3/out/Release/obj/gen/src/inspector/protocol/Runtime.cpp:7:
/node-v8.11.3/out/Release/obj/gen/src/inspector/protocol/Protocol.h:558:94: warning: '*((void*)& in_ownProperties +1)' may be used uninitialized in this function [-Wmaybe-uninitialized]
     MaybeBase(MaybeBase&& other) : m_isJust(other.m_isJust), m_value(std::move(other.m_value)) { }
                                                                                              ^
/node-v8.11.3/out/Release/obj/gen/src/inspector/protocol/Runtime.cpp:1502:17: note: '*((void*)& in_ownProperties +1)' was declared here
     Maybe<bool> in_ownProperties;
                 ^~~~~~~~~~~~~~~~
In file included from /node-v8.11.3/out/Release/obj/gen/src/inspector/protocol/Runtime.h:10:0,
                 from /node-v8.11.3/out/Release/obj/gen/src/inspector/protocol/Runtime.cpp:7:
/node-v8.11.3/out/Release/obj/gen/src/inspector/protocol/Protocol.h: In member function 'v8_inspector::protocol::DispatchResponse::Status v8_inspector::protocol::Runtime::DispatcherImpl::callFunctionOn(int, std::unique_ptr<v8_inspector::protocol::DictionaryValue>, v8_inspector::protocol::ErrorSupport*)':
/node-v8.11.3/out/Release/obj/gen/src/inspector/protocol/Protocol.h:558:94: warning: '*((void*)& in_awaitPromise +1)' may be used uninitialized in this function [-Wmaybe-uninitialized]
     MaybeBase(MaybeBase&& other) : m_isJust(other.m_isJust), m_value(std::move(other.m_value)) { }
                                                                                              ^
/node-v8.11.3/out/Release/obj/gen/src/inspector/protocol/Runtime.cpp:1476:17: note: '*((void*)& in_awaitPromise +1)' was declared here
     Maybe<bool> in_awaitPromise;
                 ^~~~~~~~~~~~~~~
In file included from /node-v8.11.3/out/Release/obj/gen/src/inspector/protocol/Runtime.h:10:0,
                 from /node-v8.11.3/out/Release/obj/gen/src/inspector/protocol/Runtime.cpp:7:
/node-v8.11.3/out/Release/obj/gen/src/inspector/protocol/Protocol.h:558:94: warning: '*((void*)& in_userGesture +1)' may be used uninitialized in this function [-Wmaybe-uninitialized]
     MaybeBase(MaybeBase&& other) : m_isJust(other.m_isJust), m_value(std::move(other.m_value)) { }
                                                                                              ^
/node-v8.11.3/out/Release/obj/gen/src/inspector/protocol/Runtime.cpp:1470:17: note: '*((void*)& in_userGesture +1)' was declared here
     Maybe<bool> in_userGesture;
                 ^~~~~~~~~~~~~~
In file included from /node-v8.11.3/out/Release/obj/gen/src/inspector/protocol/Runtime.h:10:0,
                 from /node-v8.11.3/out/Release/obj/gen/src/inspector/protocol/Runtime.cpp:7:
/node-v8.11.3/out/Release/obj/gen/src/inspector/protocol/Protocol.h:558:94: warning: '*((void*)& in_generatePreview +1)' may be used uninitialized in this function [-Wmaybe-uninitialized]
     MaybeBase(MaybeBase&& other) : m_isJust(other.m_isJust), m_value(std::move(other.m_value)) { }
                                                                                              ^
/node-v8.11.3/out/Release/obj/gen/src/inspector/protocol/Runtime.cpp:1464:17: note: '*((void*)& in_generatePreview +1)' was declared here
     Maybe<bool> in_generatePreview;
                 ^~~~~~~~~~~~~~~~~~
In file included from /node-v8.11.3/out/Release/obj/gen/src/inspector/protocol/Runtime.h:10:0,
                 from /node-v8.11.3/out/Release/obj/gen/src/inspector/protocol/Runtime.cpp:7:
/node-v8.11.3/out/Release/obj/gen/src/inspector/protocol/Protocol.h:558:94: warning: '*((void*)& in_returnByValue +1)' may be used uninitialized in this function [-Wmaybe-uninitialized]
     MaybeBase(MaybeBase&& other) : m_isJust(other.m_isJust), m_value(std::move(other.m_value)) { }
                                                                                              ^
/node-v8.11.3/out/Release/obj/gen/src/inspector/protocol/Runtime.cpp:1458:17: note: '*((void*)& in_returnByValue +1)' was declared here
     Maybe<bool> in_returnByValue;
                 ^~~~~~~~~~~~~~~~
In file included from /node-v8.11.3/out/Release/obj/gen/src/inspector/protocol/Runtime.h:10:0,
                 from /node-v8.11.3/out/Release/obj/gen/src/inspector/protocol/Runtime.cpp:7:
/node-v8.11.3/out/Release/obj/gen/src/inspector/protocol/Protocol.h:558:94: warning: '*((void*)& in_silent +1)' may be used uninitialized in this function [-Wmaybe-uninitialized]
     MaybeBase(MaybeBase&& other) : m_isJust(other.m_isJust), m_value(std::move(other.m_value)) { }
                                                                                              ^
/node-v8.11.3/out/Release/obj/gen/src/inspector/protocol/Runtime.cpp:1452:17: note: '*((void*)& in_silent +1)' was declared here
     Maybe<bool> in_silent;
                 ^~~~~~~~~
