In file included from ../deps/v8/src/heap/heap-inl.h:32:0,
                 from ../deps/v8/src/objects/map-inl.h:19,
                 from ../deps/v8/src/contexts-inl.h:12,
                 from ../deps/v8/src/objects-inl.h:19,
                 from ../deps/v8/src/regexp/regexp-parser.cc:12:
../deps/v8/src/zone/zone-list-inl.h: In member function 'v8::internal::RegExpTree* v8::internal::RegExpParser::ParseCharacterClass(const v8::internal::RegExpBuilder*)':
../deps/v8/src/zone/zone-list-inl.h:20:5: warning: 'char_2' may be used uninitialized in this function [-Wmaybe-uninitialized]
     data_[length_++] = element;
     ^~~~~
../deps/v8/src/regexp/regexp-parser.cc:1639:18: note: 'char_2' was declared here
     uc32 char_1, char_2;
                  ^~~~~~
../deps/v8/src/regexp/regexp-parser.cc:1650:9: warning: 'is_class_1' may be used uninitialized in this function [-Wmaybe-uninitialized]
         if (!is_class_1) ranges->Add(CharacterRange::Singleton(char_1), zone());
         ^~
In file included from ../deps/v8/src/heap/heap-inl.h:32:0,
                 from ../deps/v8/src/objects/map-inl.h:19,
                 from ../deps/v8/src/contexts-inl.h:12,
                 from ../deps/v8/src/objects-inl.h:19,
                 from ../deps/v8/src/regexp/regexp-parser.cc:12:
../deps/v8/src/zone/zone-list-inl.h:62:3: warning: 'char_1' may be used uninitialized in this function [-Wmaybe-uninitialized]
   data_[length_++] = temp;
   ^~~~~
../deps/v8/src/regexp/regexp-parser.cc:1639:10: note: 'char_1' was declared here
     uc32 char_1, char_2;
          ^~~~~~
