In file included from /node-v10.4.1/out/Release/obj/gen/src/inspector/protocol/Runtime.h:10:0,
                 from /node-v10.4.1/out/Release/obj/gen/src/inspector/protocol/Runtime.cpp:7:
/node-v10.4.1/out/Release/obj/gen/src/inspector/protocol/Protocol.h: In member function 'v8_inspector::protocol::DispatchResponse::Status v8_inspector::protocol::Runtime::DispatcherImpl::globalLexicalScopeNames(int, std::unique_ptr<v8_inspector::protocol::DictionaryValue>, v8_inspector::protocol::ErrorSupport*)':
/node-v10.4.1/out/Release/obj/gen/src/inspector/protocol/Protocol.h:563:94: warning: 'in_executionContextId.v8_inspector::protocol::MaybeBase<int>::m_value' may be used uninitialized in this function [-Wmaybe-uninitialized]
     MaybeBase(MaybeBase&& other) : m_isJust(other.m_isJust), m_value(std::move(other.m_value)) { }
                                                                                              ^
/node-v10.4.1/out/Release/obj/gen/src/inspector/protocol/Runtime.cpp:1753:16: note: 'in_executionContextId.v8_inspector::protocol::MaybeBase<int>::m_value' was declared here
     Maybe<int> in_executionContextId;
                ^~~~~~~~~~~~~~~~~~~~~
In file included from /node-v10.4.1/out/Release/obj/gen/src/inspector/protocol/Runtime.h:10:0,
                 from /node-v10.4.1/out/Release/obj/gen/src/inspector/protocol/Runtime.cpp:7:
/node-v10.4.1/out/Release/obj/gen/src/inspector/protocol/Protocol.h: In member function 'v8_inspector::protocol::DispatchResponse::Status v8_inspector::protocol::Runtime::DispatcherImpl::awaitPromise(int, std::unique_ptr<v8_inspector::protocol::DictionaryValue>, v8_inspector::protocol::ErrorSupport*)':
/node-v10.4.1/out/Release/obj/gen/src/inspector/protocol/Protocol.h:563:94: warning: '*((void*)& in_generatePreview +1)' may be used uninitialized in this function [-Wmaybe-uninitialized]
     MaybeBase(MaybeBase&& other) : m_isJust(other.m_isJust), m_value(std::move(other.m_value)) { }
                                                                                              ^
/node-v10.4.1/out/Release/obj/gen/src/inspector/protocol/Runtime.cpp:1358:17: note: '*((void*)& in_generatePreview +1)' was declared here
     Maybe<bool> in_generatePreview;
                 ^~~~~~~~~~~~~~~~~~
In file included from /node-v10.4.1/out/Release/obj/gen/src/inspector/protocol/Runtime.h:10:0,
                 from /node-v10.4.1/out/Release/obj/gen/src/inspector/protocol/Runtime.cpp:7:
/node-v10.4.1/out/Release/obj/gen/src/inspector/protocol/Protocol.h:563:94: warning: '*((void*)& in_returnByValue +1)' may be used uninitialized in this function [-Wmaybe-uninitialized]
     MaybeBase(MaybeBase&& other) : m_isJust(other.m_isJust), m_value(std::move(other.m_value)) { }
                                                                                              ^
/node-v10.4.1/out/Release/obj/gen/src/inspector/protocol/Runtime.cpp:1352:17: note: '*((void*)& in_returnByValue +1)' was declared here
     Maybe<bool> in_returnByValue;
                 ^~~~~~~~~~~~~~~~
In file included from /node-v10.4.1/out/Release/obj/gen/src/inspector/protocol/Runtime.h:10:0,
                 from /node-v10.4.1/out/Release/obj/gen/src/inspector/protocol/Runtime.cpp:7:
/node-v10.4.1/out/Release/obj/gen/src/inspector/protocol/Protocol.h: In member function 'v8_inspector::protocol::DispatchResponse::Status v8_inspector::protocol::Runtime::DispatcherImpl::evaluate(int, std::unique_ptr<v8_inspector::protocol::DictionaryValue>, v8_inspector::protocol::ErrorSupport*)':
/node-v10.4.1/out/Release/obj/gen/src/inspector/protocol/Protocol.h:563:94: warning: '*((void*)& in_throwOnSideEffect +1)' may be used uninitialized in this function [-Wmaybe-uninitialized]
     MaybeBase(MaybeBase&& other) : m_isJust(other.m_isJust), m_value(std::move(other.m_value)) { }
                                                                                              ^
/node-v10.4.1/out/Release/obj/gen/src/inspector/protocol/Runtime.cpp:1639:17: note: '*((void*)& in_throwOnSideEffect +1)' was declared here
     Maybe<bool> in_throwOnSideEffect;
                 ^~~~~~~~~~~~~~~~~~~~
In file included from /node-v10.4.1/out/Release/obj/gen/src/inspector/protocol/Runtime.h:10:0,
                 from /node-v10.4.1/out/Release/obj/gen/src/inspector/protocol/Runtime.cpp:7:
/node-v10.4.1/out/Release/obj/gen/src/inspector/protocol/Protocol.h:563:94: warning: '*((void*)& in_awaitPromise +1)' may be used uninitialized in this function [-Wmaybe-uninitialized]
     MaybeBase(MaybeBase&& other) : m_isJust(other.m_isJust), m_value(std::move(other.m_value)) { }
                                                                                              ^
/node-v10.4.1/out/Release/obj/gen/src/inspector/protocol/Runtime.cpp:1633:17: note: '*((void*)& in_awaitPromise +1)' was declared here
     Maybe<bool> in_awaitPromise;
                 ^~~~~~~~~~~~~~~
In file included from /node-v10.4.1/out/Release/obj/gen/src/inspector/protocol/Runtime.h:10:0,
                 from /node-v10.4.1/out/Release/obj/gen/src/inspector/protocol/Runtime.cpp:7:
/node-v10.4.1/out/Release/obj/gen/src/inspector/protocol/Protocol.h:563:94: warning: '*((void*)& in_userGesture +1)' may be used uninitialized in this function [-Wmaybe-uninitialized]
     MaybeBase(MaybeBase&& other) : m_isJust(other.m_isJust), m_value(std::move(other.m_value)) { }
                                                                                              ^
/node-v10.4.1/out/Release/obj/gen/src/inspector/protocol/Runtime.cpp:1627:17: note: '*((void*)& in_userGesture +1)' was declared here
     Maybe<bool> in_userGesture;
                 ^~~~~~~~~~~~~~
In file included from /node-v10.4.1/out/Release/obj/gen/src/inspector/protocol/Runtime.h:10:0,
                 from /node-v10.4.1/out/Release/obj/gen/src/inspector/protocol/Runtime.cpp:7:
/node-v10.4.1/out/Release/obj/gen/src/inspector/protocol/Protocol.h:563:94: warning: '*((void*)& in_generatePreview +1)' may be used uninitialized in this function [-Wmaybe-uninitialized]
     MaybeBase(MaybeBase&& other) : m_isJust(other.m_isJust), m_value(std::move(other.m_value)) { }
                                                                                              ^
/node-v10.4.1/out/Release/obj/gen/src/inspector/protocol/Runtime.cpp:1621:17: note: '*((void*)& in_generatePreview +1)' was declared here
     Maybe<bool> in_generatePreview;
                 ^~~~~~~~~~~~~~~~~~
In file included from /node-v10.4.1/out/Release/obj/gen/src/inspector/protocol/Runtime.h:10:0,
                 from /node-v10.4.1/out/Release/obj/gen/src/inspector/protocol/Runtime.cpp:7:
/node-v10.4.1/out/Release/obj/gen/src/inspector/protocol/Protocol.h:563:94: warning: '*((void*)& in_returnByValue +1)' may be used uninitialized in this function [-Wmaybe-uninitialized]
     MaybeBase(MaybeBase&& other) : m_isJust(other.m_isJust), m_value(std::move(other.m_value)) { }
                                                                                              ^
/node-v10.4.1/out/Release/obj/gen/src/inspector/protocol/Runtime.cpp:1615:17: note: '*((void*)& in_returnByValue +1)' was declared here
     Maybe<bool> in_returnByValue;
                 ^~~~~~~~~~~~~~~~
In file included from /node-v10.4.1/out/Release/obj/gen/src/inspector/protocol/Runtime.h:10:0,
                 from /node-v10.4.1/out/Release/obj/gen/src/inspector/protocol/Runtime.cpp:7:
/node-v10.4.1/out/Release/obj/gen/src/inspector/protocol/Protocol.h:563:94: warning: 'in_contextId.v8_inspector::protocol::MaybeBase<int>::m_value' may be used uninitialized in this function [-Wmaybe-uninitialized]
     MaybeBase(MaybeBase&& other) : m_isJust(other.m_isJust), m_value(std::move(other.m_value)) { }
                                                                                              ^
/node-v10.4.1/out/Release/obj/gen/src/inspector/protocol/Runtime.cpp:1609:16: note: 'in_contextId.v8_inspector::protocol::MaybeBase<int>::m_value' was declared here
     Maybe<int> in_contextId;
                ^~~~~~~~~~~~
In file included from /node-v10.4.1/out/Release/obj/gen/src/inspector/protocol/Runtime.h:10:0,
                 from /node-v10.4.1/out/Release/obj/gen/src/inspector/protocol/Runtime.cpp:7:
/node-v10.4.1/out/Release/obj/gen/src/inspector/protocol/Protocol.h:563:94: warning: '*((void*)& in_silent +1)' may be used uninitialized in this function [-Wmaybe-uninitialized]
     MaybeBase(MaybeBase&& other) : m_isJust(other.m_isJust), m_value(std::move(other.m_value)) { }
                                                                                              ^
/node-v10.4.1/out/Release/obj/gen/src/inspector/protocol/Runtime.cpp:1603:17: note: '*((void*)& in_silent +1)' was declared here
     Maybe<bool> in_silent;
                 ^~~~~~~~~
In file included from /node-v10.4.1/out/Release/obj/gen/src/inspector/protocol/Runtime.h:10:0,
                 from /node-v10.4.1/out/Release/obj/gen/src/inspector/protocol/Runtime.cpp:7:
/node-v10.4.1/out/Release/obj/gen/src/inspector/protocol/Protocol.h:563:94: warning: '*((void*)& in_includeCommandLineAPI +1)' may be used uninitialized in this function [-Wmaybe-uninitialized]
     MaybeBase(MaybeBase&& other) : m_isJust(other.m_isJust), m_value(std::move(other.m_value)) { }
                                                                                              ^
/node-v10.4.1/out/Release/obj/gen/src/inspector/protocol/Runtime.cpp:1597:17: note: '*((void*)& in_includeCommandLineAPI +1)' was declared here
     Maybe<bool> in_includeCommandLineAPI;
                 ^~~~~~~~~~~~~~~~~~~~~~~~
In file included from /node-v10.4.1/out/Release/obj/gen/src/inspector/protocol/Runtime.h:10:0,
                 from /node-v10.4.1/out/Release/obj/gen/src/inspector/protocol/Runtime.cpp:7:
/node-v10.4.1/out/Release/obj/gen/src/inspector/protocol/Protocol.h: In member function 'v8_inspector::protocol::DispatchResponse::Status v8_inspector::protocol::Runtime::DispatcherImpl::runScript(int, std::unique_ptr<v8_inspector::protocol::DictionaryValue>, v8_inspector::protocol::ErrorSupport*)':
/node-v10.4.1/out/Release/obj/gen/src/inspector/protocol/Protocol.h:563:94: warning: '*((void*)& in_awaitPromise +1)' may be used uninitialized in this function [-Wmaybe-uninitialized]
     MaybeBase(MaybeBase&& other) : m_isJust(other.m_isJust), m_value(std::move(other.m_value)) { }
                                                                                              ^
/node-v10.4.1/out/Release/obj/gen/src/inspector/protocol/Runtime.cpp:1943:17: note: '*((void*)& in_awaitPromise +1)' was declared here
     Maybe<bool> in_awaitPromise;
                 ^~~~~~~~~~~~~~~
In file included from /node-v10.4.1/out/Release/obj/gen/src/inspector/protocol/Runtime.h:10:0,
                 from /node-v10.4.1/out/Release/obj/gen/src/inspector/protocol/Runtime.cpp:7:
/node-v10.4.1/out/Release/obj/gen/src/inspector/protocol/Protocol.h:563:94: warning: '*((void*)& in_generatePreview +1)' may be used uninitialized in this function [-Wmaybe-uninitialized]
     MaybeBase(MaybeBase&& other) : m_isJust(other.m_isJust), m_value(std::move(other.m_value)) { }
                                                                                              ^
/node-v10.4.1/out/Release/obj/gen/src/inspector/protocol/Runtime.cpp:1937:17: note: '*((void*)& in_generatePreview +1)' was declared here
     Maybe<bool> in_generatePreview;
                 ^~~~~~~~~~~~~~~~~~
In file included from /node-v10.4.1/out/Release/obj/gen/src/inspector/protocol/Runtime.h:10:0,
                 from /node-v10.4.1/out/Release/obj/gen/src/inspector/protocol/Runtime.cpp:7:
/node-v10.4.1/out/Release/obj/gen/src/inspector/protocol/Protocol.h:563:94: warning: '*((void*)& in_returnByValue +1)' may be used uninitialized in this function [-Wmaybe-uninitialized]
     MaybeBase(MaybeBase&& other) : m_isJust(other.m_isJust), m_value(std::move(other.m_value)) { }
                                                                                              ^
/node-v10.4.1/out/Release/obj/gen/src/inspector/protocol/Runtime.cpp:1931:17: note: '*((void*)& in_returnByValue +1)' was declared here
     Maybe<bool> in_returnByValue;
                 ^~~~~~~~~~~~~~~~
In file included from /node-v10.4.1/out/Release/obj/gen/src/inspector/protocol/Runtime.h:10:0,
                 from /node-v10.4.1/out/Release/obj/gen/src/inspector/protocol/Runtime.cpp:7:
/node-v10.4.1/out/Release/obj/gen/src/inspector/protocol/Protocol.h:563:94: warning: '*((void*)& in_includeCommandLineAPI +1)' may be used uninitialized in this function [-Wmaybe-uninitialized]
     MaybeBase(MaybeBase&& other) : m_isJust(other.m_isJust), m_value(std::move(other.m_value)) { }
                                                                                              ^
/node-v10.4.1/out/Release/obj/gen/src/inspector/protocol/Runtime.cpp:1925:17: note: '*((void*)& in_includeCommandLineAPI +1)' was declared here
     Maybe<bool> in_includeCommandLineAPI;
                 ^~~~~~~~~~~~~~~~~~~~~~~~
In file included from /node-v10.4.1/out/Release/obj/gen/src/inspector/protocol/Runtime.h:10:0,
                 from /node-v10.4.1/out/Release/obj/gen/src/inspector/protocol/Runtime.cpp:7:
/node-v10.4.1/out/Release/obj/gen/src/inspector/protocol/Protocol.h:563:94: warning: '*((void*)& in_silent +1)' may be used uninitialized in this function [-Wmaybe-uninitialized]
     MaybeBase(MaybeBase&& other) : m_isJust(other.m_isJust), m_value(std::move(other.m_value)) { }
                                                                                              ^
/node-v10.4.1/out/Release/obj/gen/src/inspector/protocol/Runtime.cpp:1919:17: note: '*((void*)& in_silent +1)' was declared here
     Maybe<bool> in_silent;
                 ^~~~~~~~~
In file included from /node-v10.4.1/out/Release/obj/gen/src/inspector/protocol/Runtime.h:10:0,
                 from /node-v10.4.1/out/Release/obj/gen/src/inspector/protocol/Runtime.cpp:7:
/node-v10.4.1/out/Release/obj/gen/src/inspector/protocol/Protocol.h:563:94: warning: 'in_executionContextId.v8_inspector::protocol::MaybeBase<int>::m_value' may be used uninitialized in this function [-Wmaybe-uninitialized]
     MaybeBase(MaybeBase&& other) : m_isJust(other.m_isJust), m_value(std::move(other.m_value)) { }
                                                                                              ^
/node-v10.4.1/out/Release/obj/gen/src/inspector/protocol/Runtime.cpp:1907:16: note: 'in_executionContextId.v8_inspector::protocol::MaybeBase<int>::m_value' was declared here
     Maybe<int> in_executionContextId;
                ^~~~~~~~~~~~~~~~~~~~~
In file included from /node-v10.4.1/out/Release/obj/gen/src/inspector/protocol/Runtime.h:10:0,
                 from /node-v10.4.1/out/Release/obj/gen/src/inspector/protocol/Runtime.cpp:7:
/node-v10.4.1/out/Release/obj/gen/src/inspector/protocol/Protocol.h: In member function 'v8_inspector::protocol::DispatchResponse::Status v8_inspector::protocol::Runtime::DispatcherImpl::compileScript(int, std::unique_ptr<v8_inspector::protocol::DictionaryValue>, v8_inspector::protocol::ErrorSupport*)':
/node-v10.4.1/out/Release/obj/gen/src/inspector/protocol/Protocol.h:563:94: warning: 'in_executionContextId.v8_inspector::protocol::MaybeBase<int>::m_value' may be used uninitialized in this function [-Wmaybe-uninitialized]
     MaybeBase(MaybeBase&& other) : m_isJust(other.m_isJust), m_value(std::move(other.m_value)) { }
                                                                                              ^
/node-v10.4.1/out/Release/obj/gen/src/inspector/protocol/Runtime.cpp:1490:16: note: 'in_executionContextId.v8_inspector::protocol::MaybeBase<int>::m_value' was declared here
     Maybe<int> in_executionContextId;
                ^~~~~~~~~~~~~~~~~~~~~
In file included from /node-v10.4.1/out/Release/obj/gen/src/inspector/protocol/Runtime.h:10:0,
                 from /node-v10.4.1/out/Release/obj/gen/src/inspector/protocol/Runtime.cpp:7:
/node-v10.4.1/out/Release/obj/gen/src/inspector/protocol/Protocol.h: In member function 'v8_inspector::protocol::DispatchResponse::Status v8_inspector::protocol::Runtime::DispatcherImpl::getProperties(int, std::unique_ptr<v8_inspector::protocol::DictionaryValue>, v8_inspector::protocol::ErrorSupport*)':
/node-v10.4.1/out/Release/obj/gen/src/inspector/protocol/Protocol.h:563:94: warning: '*((void*)& in_generatePreview +1)' may be used uninitialized in this function [-Wmaybe-uninitialized]
     MaybeBase(MaybeBase&& other) : m_isJust(other.m_isJust), m_value(std::move(other.m_value)) { }
                                                                                              ^
/node-v10.4.1/out/Release/obj/gen/src/inspector/protocol/Runtime.cpp:1715:17: note: '*((void*)& in_generatePreview +1)' was declared here
     Maybe<bool> in_generatePreview;
                 ^~~~~~~~~~~~~~~~~~
In file included from /node-v10.4.1/out/Release/obj/gen/src/inspector/protocol/Runtime.h:10:0,
                 from /node-v10.4.1/out/Release/obj/gen/src/inspector/protocol/Runtime.cpp:7:
/node-v10.4.1/out/Release/obj/gen/src/inspector/protocol/Protocol.h:563:94: warning: '*((void*)& in_accessorPropertiesOnly +1)' may be used uninitialized in this function [-Wmaybe-uninitialized]
     MaybeBase(MaybeBase&& other) : m_isJust(other.m_isJust), m_value(std::move(other.m_value)) { }
                                                                                              ^
/node-v10.4.1/out/Release/obj/gen/src/inspector/protocol/Runtime.cpp:1709:17: note: '*((void*)& in_accessorPropertiesOnly +1)' was declared here
     Maybe<bool> in_accessorPropertiesOnly;
                 ^~~~~~~~~~~~~~~~~~~~~~~~~
In file included from /node-v10.4.1/out/Release/obj/gen/src/inspector/protocol/Runtime.h:10:0,
                 from /node-v10.4.1/out/Release/obj/gen/src/inspector/protocol/Runtime.cpp:7:
/node-v10.4.1/out/Release/obj/gen/src/inspector/protocol/Protocol.h:563:94: warning: '*((void*)& in_ownProperties +1)' may be used uninitialized in this function [-Wmaybe-uninitialized]
     MaybeBase(MaybeBase&& other) : m_isJust(other.m_isJust), m_value(std::move(other.m_value)) { }
                                                                                              ^
/node-v10.4.1/out/Release/obj/gen/src/inspector/protocol/Runtime.cpp:1703:17: note: '*((void*)& in_ownProperties +1)' was declared here
     Maybe<bool> in_ownProperties;
                 ^~~~~~~~~~~~~~~~
In file included from /node-v10.4.1/out/Release/obj/gen/src/inspector/protocol/Runtime.h:10:0,
                 from /node-v10.4.1/out/Release/obj/gen/src/inspector/protocol/Runtime.cpp:7:
/node-v10.4.1/out/Release/obj/gen/src/inspector/protocol/Protocol.h: In member function 'v8_inspector::protocol::DispatchResponse::Status v8_inspector::protocol::Runtime::DispatcherImpl::callFunctionOn(int, std::unique_ptr<v8_inspector::protocol::DictionaryValue>, v8_inspector::protocol::ErrorSupport*)':
/node-v10.4.1/out/Release/obj/gen/src/inspector/protocol/Protocol.h:563:94: warning: 'in_executionContextId.v8_inspector::protocol::MaybeBase<int>::m_value' may be used uninitialized in this function [-Wmaybe-uninitialized]
     MaybeBase(MaybeBase&& other) : m_isJust(other.m_isJust), m_value(std::move(other.m_value)) { }
                                                                                              ^
/node-v10.4.1/out/Release/obj/gen/src/inspector/protocol/Runtime.cpp:1452:16: note: 'in_executionContextId.v8_inspector::protocol::MaybeBase<int>::m_value' was declared here
     Maybe<int> in_executionContextId;
                ^~~~~~~~~~~~~~~~~~~~~
In file included from /node-v10.4.1/out/Release/obj/gen/src/inspector/protocol/Runtime.h:10:0,
                 from /node-v10.4.1/out/Release/obj/gen/src/inspector/protocol/Runtime.cpp:7:
/node-v10.4.1/out/Release/obj/gen/src/inspector/protocol/Protocol.h:563:94: warning: '*((void*)& in_awaitPromise +1)' may be used uninitialized in this function [-Wmaybe-uninitialized]
     MaybeBase(MaybeBase&& other) : m_isJust(other.m_isJust), m_value(std::move(other.m_value)) { }
                                                                                              ^
/node-v10.4.1/out/Release/obj/gen/src/inspector/protocol/Runtime.cpp:1446:17: note: '*((void*)& in_awaitPromise +1)' was declared here
     Maybe<bool> in_awaitPromise;
                 ^~~~~~~~~~~~~~~
In file included from /node-v10.4.1/out/Release/obj/gen/src/inspector/protocol/Runtime.h:10:0,
                 from /node-v10.4.1/out/Release/obj/gen/src/inspector/protocol/Runtime.cpp:7:
/node-v10.4.1/out/Release/obj/gen/src/inspector/protocol/Protocol.h:563:94: warning: '*((void*)& in_userGesture +1)' may be used uninitialized in this function [-Wmaybe-uninitialized]
     MaybeBase(MaybeBase&& other) : m_isJust(other.m_isJust), m_value(std::move(other.m_value)) { }
                                                                                              ^
/node-v10.4.1/out/Release/obj/gen/src/inspector/protocol/Runtime.cpp:1440:17: note: '*((void*)& in_userGesture +1)' was declared here
     Maybe<bool> in_userGesture;
                 ^~~~~~~~~~~~~~
In file included from /node-v10.4.1/out/Release/obj/gen/src/inspector/protocol/Runtime.h:10:0,
                 from /node-v10.4.1/out/Release/obj/gen/src/inspector/protocol/Runtime.cpp:7:
/node-v10.4.1/out/Release/obj/gen/src/inspector/protocol/Protocol.h:563:94: warning: '*((void*)& in_generatePreview +1)' may be used uninitialized in this function [-Wmaybe-uninitialized]
     MaybeBase(MaybeBase&& other) : m_isJust(other.m_isJust), m_value(std::move(other.m_value)) { }
                                                                                              ^
/node-v10.4.1/out/Release/obj/gen/src/inspector/protocol/Runtime.cpp:1434:17: note: '*((void*)& in_generatePreview +1)' was declared here
     Maybe<bool> in_generatePreview;
                 ^~~~~~~~~~~~~~~~~~
In file included from /node-v10.4.1/out/Release/obj/gen/src/inspector/protocol/Runtime.h:10:0,
                 from /node-v10.4.1/out/Release/obj/gen/src/inspector/protocol/Runtime.cpp:7:
/node-v10.4.1/out/Release/obj/gen/src/inspector/protocol/Protocol.h:563:94: warning: '*((void*)& in_returnByValue +1)' may be used uninitialized in this function [-Wmaybe-uninitialized]
     MaybeBase(MaybeBase&& other) : m_isJust(other.m_isJust), m_value(std::move(other.m_value)) { }
                                                                                              ^
/node-v10.4.1/out/Release/obj/gen/src/inspector/protocol/Runtime.cpp:1428:17: note: '*((void*)& in_returnByValue +1)' was declared here
     Maybe<bool> in_returnByValue;
                 ^~~~~~~~~~~~~~~~
In file included from /node-v10.4.1/out/Release/obj/gen/src/inspector/protocol/Runtime.h:10:0,
                 from /node-v10.4.1/out/Release/obj/gen/src/inspector/protocol/Runtime.cpp:7:
/node-v10.4.1/out/Release/obj/gen/src/inspector/protocol/Protocol.h:563:94: warning: '*((void*)& in_silent +1)' may be used uninitialized in this function [-Wmaybe-uninitialized]
     MaybeBase(MaybeBase&& other) : m_isJust(other.m_isJust), m_value(std::move(other.m_value)) { }
                                                                                              ^
/node-v10.4.1/out/Release/obj/gen/src/inspector/protocol/Runtime.cpp:1422:17: note: '*((void*)& in_silent +1)' was declared here
     Maybe<bool> in_silent;
                 ^~~~~~~~~
