In file included from /node-v10.4.1/out/Release/obj/gen/src/inspector/protocol/HeapProfiler.h:10:0,
                 from /node-v10.4.1/out/Release/obj/gen/src/inspector/protocol/HeapProfiler.cpp:7:
/node-v10.4.1/out/Release/obj/gen/src/inspector/protocol/Protocol.h: In member function 'v8_inspector::protocol::DispatchResponse::Status v8_inspector::protocol::HeapProfiler::DispatcherImpl::stopTrackingHeapObjects(int, std::unique_ptr<v8_inspector::protocol::DictionaryValue>, v8_inspector::protocol::ErrorSupport*)':
/node-v10.4.1/out/Release/obj/gen/src/inspector/protocol/Protocol.h:563:94: warning: '*((void*)& in_reportProgress +1)' may be used uninitialized in this function [-Wmaybe-uninitialized]
     MaybeBase(MaybeBase&& other) : m_isJust(other.m_isJust), m_value(std::move(other.m_value)) { }
                                                                                              ^
/node-v10.4.1/out/Release/obj/gen/src/inspector/protocol/HeapProfiler.cpp:582:17: note: '*((void*)& in_reportProgress +1)' was declared here
     Maybe<bool> in_reportProgress;
                 ^~~~~~~~~~~~~~~~~
In file included from /node-v10.4.1/out/Release/obj/gen/src/inspector/protocol/HeapProfiler.h:10:0,
                 from /node-v10.4.1/out/Release/obj/gen/src/inspector/protocol/HeapProfiler.cpp:7:
/node-v10.4.1/out/Release/obj/gen/src/inspector/protocol/Protocol.h: In member function 'v8_inspector::protocol::DispatchResponse::Status v8_inspector::protocol::HeapProfiler::DispatcherImpl::takeHeapSnapshot(int, std::unique_ptr<v8_inspector::protocol::DictionaryValue>, v8_inspector::protocol::ErrorSupport*)':
/node-v10.4.1/out/Release/obj/gen/src/inspector/protocol/Protocol.h:563:94: warning: '*((void*)& in_reportProgress +1)' may be used uninitialized in this function [-Wmaybe-uninitialized]
     MaybeBase(MaybeBase&& other) : m_isJust(other.m_isJust), m_value(std::move(other.m_value)) { }
                                                                                              ^
/node-v10.4.1/out/Release/obj/gen/src/inspector/protocol/HeapProfiler.cpp:608:17: note: '*((void*)& in_reportProgress +1)' was declared here
     Maybe<bool> in_reportProgress;
                 ^~~~~~~~~~~~~~~~~
In file included from /node-v10.4.1/out/Release/obj/gen/src/inspector/protocol/HeapProfiler.h:10:0,
                 from /node-v10.4.1/out/Release/obj/gen/src/inspector/protocol/HeapProfiler.cpp:7:
/node-v10.4.1/out/Release/obj/gen/src/inspector/protocol/Protocol.h: In member function 'v8_inspector::protocol::DispatchResponse::Status v8_inspector::protocol::HeapProfiler::DispatcherImpl::startTrackingHeapObjects(int, std::unique_ptr<v8_inspector::protocol::DictionaryValue>, v8_inspector::protocol::ErrorSupport*)':
/node-v10.4.1/out/Release/obj/gen/src/inspector/protocol/Protocol.h:563:94: warning: '*((void*)& in_trackAllocations +1)' may be used uninitialized in this function [-Wmaybe-uninitialized]
     MaybeBase(MaybeBase&& other) : m_isJust(other.m_isJust), m_value(std::move(other.m_value)) { }
                                                                                              ^
/node-v10.4.1/out/Release/obj/gen/src/inspector/protocol/HeapProfiler.cpp:538:17: note: '*((void*)& in_trackAllocations +1)' was declared here
     Maybe<bool> in_trackAllocations;
                 ^~~~~~~~~~~~~~~~~~~
In file included from /node-v10.4.1/out/Release/obj/gen/src/inspector/protocol/HeapProfiler.h:10:0,
                 from /node-v10.4.1/out/Release/obj/gen/src/inspector/protocol/HeapProfiler.cpp:7:
/node-v10.4.1/out/Release/obj/gen/src/inspector/protocol/Protocol.h: In member function 'v8_inspector::protocol::DispatchResponse::Status v8_inspector::protocol::HeapProfiler::DispatcherImpl::startSampling(int, std::unique_ptr<v8_inspector::protocol::DictionaryValue>, v8_inspector::protocol::ErrorSupport*)':
/node-v10.4.1/out/Release/obj/gen/src/inspector/protocol/Protocol.h:563:94: warning: 'in_samplingInterval.v8_inspector::protocol::MaybeBase<double>::m_value' may be used uninitialized in this function [-Wmaybe-uninitialized]
     MaybeBase(MaybeBase&& other) : m_isJust(other.m_isJust), m_value(std::move(other.m_value)) { }
                                                                                              ^
/node-v10.4.1/out/Release/obj/gen/src/inspector/protocol/HeapProfiler.cpp:512:19: note: 'in_samplingInterval.v8_inspector::protocol::MaybeBase<double>::m_value' was declared here
     Maybe<double> in_samplingInterval;
                   ^~~~~~~~~~~~~~~~~~~
